<?xml version="1.0" encoding="UTF-8"?>
<!-- Generated by org.testng.reporters.JUnitXMLReporter -->
<testsuite ignored="0" hostname="Srinivasulu" failures="0" tests="6" name="Guru99 Bank Application Automation" time="38.369" errors="0" timestamp="2022-03-14T00:32:04 GMT-07:00">
  <testcase classname="com.guru99bank.qa.testcases.LoginPageTest" name="validateTitle" time="0.014"/>
  <testcase classname="com.guru99bank.qa.testcases.LoginPageTest" name="validateLogo" time="0.049"/>
  <testcase classname="com.guru99bank.qa.testcases.LoginPageTest" name="loginToApp" time="1.597"/>
  <testcase classname="com.guru99bank.qa.testcases.HomePageTest" name="validateHomePageLogo" time="0.104"/>
  <testcase classname="com.guru99bank.qa.testcases.HomePageTest" name="navigateToDeleteCustomerPage" time="1.568"/>
  <testcase classname="com.guru99bank.qa.testcases.DeleteCustomerTest" name="deletingCustomer" time="0.621"/>
</testsuite> <!-- Guru99 Bank Application Automation -->
